Hmm ... looks like a package

This is pdfTeX, Version 3.1415926-2.5-1.40.14 (TeX Live 2013/Debian)
 restricted \write18 enabled.
entering extended mode
LaTeX2e <2011/06/27>
Babel <3.9h> and hyphenation patterns for 78 languages loaded.
(./Rd2.tex
(/usr/share/texlive/texmf-dist/tex/latex/base/book.cls
Document Class: book 2007/10/19 v1.4h Standard LaTeX document class
(/usr/share/texlive/texmf-dist/tex/latex/base/bk10.clo))
(/usr/share/R/share/texmf/tex/latex/Rd.sty
(/usr/share/texlive/texmf-dist/tex/latex/base/ifthen.sty)
(/usr/share/texlive/texmf-dist/tex/latex/tools/longtable.sty)
(/usr/share/texlive/texmf-dist/tex/latex/tools/bm.sty)
(/usr/share/texlive/texmf-dist/tex/latex/base/alltt.sty)
(/usr/share/texlive/texmf-dist/tex/latex/tools/verbatim.sty)
(/usr/share/texlive/texmf-dist/tex/latex/url/url.sty)
(/usr/share/texlive/texmf-dist/tex/latex/base/textcomp.sty
(/usr/share/texlive/texmf-dist/tex/latex/base/ts1enc.def))
(/usr/share/texlive/texmf-dist/tex/latex/base/fontenc.sty
(/usr/share/texlive/texmf-dist/tex/latex/base/t1enc.def))
(/usr/share/texlive/texmf-dist/tex/latex/psnfss/times.sty)
(/usr/share/texlive/texmf-dist/tex/latex/inconsolata/zi4.sty
(/usr/share/texlive/texmf-dist/tex/latex/graphics/keyval.sty))
(/usr/share/texlive/texmf-dist/tex/latex/graphics/color.sty
(/usr/share/texlive/texmf-dist/tex/latex/latexconfig/color.cfg)
(/usr/share/texlive/texmf-dist/tex/latex/pdftex-def/pdftex.def
(/usr/share/texlive/texmf-dist/tex/generic/oberdiek/infwarerr.sty)
(/usr/share/texlive/texmf-dist/tex/generic/oberdiek/ltxcmds.sty)))
(/usr/share/texlive/texmf-dist/tex/latex/hyperref/hyperref.sty
(/usr/share/texlive/texmf-dist/tex/generic/oberdiek/hobsub-hyperref.sty
(/usr/share/texlive/texmf-dist/tex/generic/oberdiek/hobsub-generic.sty))
(/usr/share/texlive/texmf-dist/tex/generic/ifxetex/ifxetex.sty)
(/usr/share/texlive/texmf-dist/tex/latex/oberdiek/auxhook.sty)
(/usr/share/texlive/texmf-dist/tex/latex/oberdiek/kvoptions.sty)
(/usr/share/texlive/texmf-dist/tex/latex/hyperref/pd1enc.def)
(/usr/share/texlive/texmf-dist/tex/latex/latexconfig/hyperref.cfg))

Package hyperref Message: Driver (autodetected): hpdftex.

(/usr/share/texlive/texmf-dist/tex/latex/hyperref/hpdftex.def
(/usr/share/texlive/texmf-dist/tex/latex/oberdiek/rerunfilecheck.sty))

Package hyperref Warning: Option `hyperindex' has already been used,
(hyperref)                setting the option has no effect on input line 366.


Package hyperref Warning: Option `pagebackref' has already been used,
(hyperref)                setting the option has no effect on input line 366.

) (/usr/share/texlive/texmf-dist/tex/latex/base/makeidx.sty)
(/usr/share/texlive/texmf-dist/tex/latex/base/inputenc.sty
(/usr/share/texlive/texmf-dist/tex/latex/base/utf8.def
(/usr/share/texlive/texmf-dist/tex/latex/base/t1enc.dfu)
(/usr/share/texlive/texmf-dist/tex/latex/base/ot1enc.dfu)
(/usr/share/texlive/texmf-dist/tex/latex/base/omsenc.dfu)
(/usr/share/texlive/texmf-dist/tex/latex/base/ts1enc.dfu))
(/usr/share/texlive/texmf-dist/tex/latex/base/latin1.def))
Writing index file Rd2.idx
No file Rd2.aux.
(/usr/share/texlive/texmf-dist/tex/latex/base/ts1cmr.fd)
(/usr/share/texlive/texmf-dist/tex/latex/psnfss/t1ptm.fd)
(/usr/share/texlive/texmf-dist/tex/context/base/supp-pdf.mkii
[Loading MPS to PDF converter (version 2006.09.02).]
) (/usr/share/texlive/texmf-dist/tex/latex/hyperref/nameref.sty
(/usr/share/texlive/texmf-dist/tex/generic/oberdiek/gettitlestring.sty))
(/usr/share/texlive/texmf-dist/tex/latex/inconsolata/t1zi4.fd)
(/usr/share/texlive/texmf-dist/tex/latex/psnfss/t1phv.fd)
(/usr/share/texlive/texmf-dist/tex/latex/base/utf8.def) [1{/var/lib/texmf/fonts
/map/pdftex/updmap/pdftex.map}]
Overfull \hbox (19.27982pt too wide) in paragraph at lines 57--58
[][][]\T1/zi4/m/n/10 weightTAPSPACK[][][] [][]weightTAPS[][][] link{variablesTA
PS} [][]weightTAPSoutput[][][] [][]simpleWeight[][][] [][]subsetTAPS[][][]
(/usr/share/texlive/texmf-dist/tex/latex/base/utf8.def)
Overfull \hbox (31.17924pt too wide) in paragraph at lines 77--82
[][][]\T1/zi4/m/n/10 weightTAPSPACK[][][] [][]weightTAPS[][][] [][]weightTAPSou
tput[][][] [][]simpleWeight[][][] [][]attritTAPS[][][] [][]multipleImp[][][] []
[]hotdeckImp[][][]
(/usr/share/texlive/texmf-dist/tex/latex/base/utf8.def) [2]
Overfull \hbox (19.27982pt too wide) in paragraph at lines 116--117
[][][]\T1/zi4/m/n/10 weightTAPSPACK[][][] [][]weightTAPS[][][] link{variablesTA
PS} [][]weightTAPSoutput[][][] [][]simpleWeight[][][] [][]subsetTAPS[][][]
(/usr/share/texlive/texmf-dist/tex/latex/base/utf8.def)
Overfull \hbox (19.27982pt too wide) in paragraph at lines 153--154
[][][]\T1/zi4/m/n/10 weightTAPSPACK[][][] [][]weightTAPS[][][] link{variablesTA
PS} [][]weightTAPSoutput[][][] [][]simpleWeight[][][] [][]subsetTAPS[][][]
[3] (/usr/share/texlive/texmf-dist/tex/latex/base/utf8.def)
Overfull \hbox (31.17924pt too wide) in paragraph at lines 173--178
[][][]\T1/zi4/m/n/10 weightTAPSPACK[][][] [][]weightTAPS[][][] [][]weightTAPSou
tput[][][] [][]simpleWeight[][][] [][]attritTAPS[][][] [][]multipleImp[][][] []
[]hotdeckImp[][][]
(/usr/share/texlive/texmf-dist/tex/latex/base/utf8.def) [4]
Overfull \hbox (9.27922pt too wide) in paragraph at lines 215--216
[][][]\T1/zi4/m/n/10 weightTAPSPACK[][][] [][]weightTAPS[][][] link{variablesTA
PS} [][]weightTAPSoutput[][][] [][]subsetTAPS[][][] [][]attritTAPS[][][]
(/usr/share/texlive/texmf-dist/tex/latex/base/utf8.def)
Overfull \hbox (19.27982pt too wide) in paragraph at lines 252--253
[][][]\T1/zi4/m/n/10 weightTAPSPACK[][][] [][]weightTAPS[][][] link{variablesTA
PS} [][]weightTAPSoutput[][][] [][]simpleWeight[][][] [][]attritTAPS[][][]
(/usr/share/texlive/texmf-dist/tex/latex/base/utf8.def) [5]
Overfull \hbox (31.17924pt too wide) in paragraph at lines 276--281
[][][]\T1/zi4/m/n/10 weightTAPSPACK[][][] [][]weightTAPS[][][] [][]weightTAPSou
tput[][][] [][]simpleWeight[][][] [][]attritTAPS[][][] [][]multipleImp[][][] []
[]hotdeckImp[][][]
(/usr/share/texlive/texmf-dist/tex/latex/base/utf8.def)
Overfull \hbox (31.17924pt too wide) in paragraph at lines 304--309
[][][]\T1/zi4/m/n/10 weightTAPSPACK[][][] [][]weightTAPS[][][] [][]weightTAPSou
tput[][][] [][]simpleWeight[][][] [][]attritTAPS[][][] [][]multipleImp[][][] []
[]hotdeckImp[][][]
(/usr/share/texlive/texmf-dist/tex/latex/base/utf8.def) [6]
Overfull \hbox (31.17865pt too wide) in paragraph at lines 341--342
[][][]\T1/zi4/m/n/10 weightTAPS[][][] [][]weightTAPSPACK[][][] [][]subsetTAPS[]
[][] [][]weightTAPSoutput[][][] [][]simpleWeight[][][] [][]attritTAPS[][][] [][
]multipleImp[][][]
(/usr/share/texlive/texmf-dist/tex/latex/base/utf8.def) [7]
Overfull \hbox (19.27982pt too wide) in paragraph at lines 378--379
[][][]\T1/zi4/m/n/10 weightTAPSPACK[][][] [][]weightTAPS[][][] link{variablesTA
PS} [][]weightTAPSoutput[][][] [][]simpleWeight[][][] [][]attritTAPS[][][]
(/usr/share/texlive/texmf-dist/tex/latex/base/utf8.def) [8]
Overfull \hbox (2.88681pt too wide) in paragraph at lines 430--433
\T1/ptm/m/n/10 ier in-ter-pre-ta-tion of the at-tri-tion rates. Other ar-gu-men
ts are listed in the help file of the \T1/zi4/m/n/10 weightTAPS()
[9] (/usr/share/texlive/texmf-dist/tex/latex/psnfss/ts1ptm.fd) [10]
(/usr/share/texlive/texmf-dist/tex/latex/base/utf8.def) [11]
Overfull \hbox (36.17865pt too wide) in paragraph at lines 580--581
[][][]\T1/zi4/m/n/10 weightTAPSPACK[][][] [][]weightTAPS[][][] link{variablesTA
PS} [][]subsetTAPS[][][] [][]wavesTAPS[][][] [][]simpleWeight[][][] [][]attritT
APS[][][]
(/usr/share/texlive/texmf-dist/tex/latex/base/utf8.def) [12]
Overfull \hbox (2.88681pt too wide) in paragraph at lines 597--600
\T1/ptm/m/n/10 ier in-ter-pre-ta-tion of the at-tri-tion rates. Other ar-gu-men
ts are listed in the help file of the \T1/zi4/m/n/10 weightTAPS()
[13]
Overfull \hbox (26.17865pt too wide) in paragraph at lines 657--658
[][][]\T1/zi4/m/n/10 weightTAPS[][][] [][]variablesTAPS[][][] [][]subsetTAPS[][
][] [][]weightTAPSoutput[][][] [][]simpleWeight[][][] [][]attritTAPS[][][] [][]
multipleImp[][][]
No file Rd2.ind.
[14] (./Rd2.aux)

Package rerunfilecheck Warning: File `Rd2.out' has changed.
(rerunfilecheck)                Rerun to get outlines right
(rerunfilecheck)                or use package `bookmark'.

 )
(see the transcript file for additional information){/usr/share/texlive/texmf-d
ist/fonts/enc/dvips/base/8r.enc}{/usr/share/texlive/texmf-dist/fonts/enc/dvips/
inconsolata/i4-t1-0.enc}</usr/share/texlive/texmf-dist/fonts/type1/public/incon
solata/Inconsolata-zi4r.pfb></usr/share/texlive/texmf-dist/fonts/type1/urw/helv
etic/uhvr8a.pfb></usr/share/texlive/texmf-dist/fonts/type1/urw/times/utmb8a.pfb
></usr/share/texlive/texmf-dist/fonts/type1/urw/times/utmr8a.pfb></usr/share/te
xlive/texmf-dist/fonts/type1/urw/times/utmr8a.pfb></usr/share/texlive/texmf-dis
t/fonts/type1/urw/times/utmri8a.pfb>
Output written on Rd2.pdf (14 pages, 102036 bytes).
Transcript written on Rd2.log.
This is makeindex, version 2.15 [TeX Live 2013] (kpathsea + Thai support).
Scanning input file Rd2.idx....done (160 entries accepted, 0 rejected).
Sorting entries....done (1223 comparisons).
Generating output file Rd2.ind....done (115 lines written, 5 warnings).
Output written in Rd2.ind.
Transcript written in Rd2.ilg.
This is pdfTeX, Version 3.1415926-2.5-1.40.14 (TeX Live 2013/Debian)
 restricted \write18 enabled.
entering extended mode
LaTeX2e <2011/06/27>
Babel <3.9h> and hyphenation patterns for 78 languages loaded.
(./Rd2.tex
(/usr/share/texlive/texmf-dist/tex/latex/base/book.cls
Document Class: book 2007/10/19 v1.4h Standard LaTeX document class
(/usr/share/texlive/texmf-dist/tex/latex/base/bk10.clo))
(/usr/share/R/share/texmf/tex/latex/Rd.sty
(/usr/share/texlive/texmf-dist/tex/latex/base/ifthen.sty)
(/usr/share/texlive/texmf-dist/tex/latex/tools/longtable.sty)
(/usr/share/texlive/texmf-dist/tex/latex/tools/bm.sty)
(/usr/share/texlive/texmf-dist/tex/latex/base/alltt.sty)
(/usr/share/texlive/texmf-dist/tex/latex/tools/verbatim.sty)
(/usr/share/texlive/texmf-dist/tex/latex/url/url.sty)
(/usr/share/texlive/texmf-dist/tex/latex/base/textcomp.sty
(/usr/share/texlive/texmf-dist/tex/latex/base/ts1enc.def))
(/usr/share/texlive/texmf-dist/tex/latex/base/fontenc.sty
(/usr/share/texlive/texmf-dist/tex/latex/base/t1enc.def))
(/usr/share/texlive/texmf-dist/tex/latex/psnfss/times.sty)
(/usr/share/texlive/texmf-dist/tex/latex/inconsolata/zi4.sty
(/usr/share/texlive/texmf-dist/tex/latex/graphics/keyval.sty))
(/usr/share/texlive/texmf-dist/tex/latex/graphics/color.sty
(/usr/share/texlive/texmf-dist/tex/latex/latexconfig/color.cfg)
(/usr/share/texlive/texmf-dist/tex/latex/pdftex-def/pdftex.def
(/usr/share/texlive/texmf-dist/tex/generic/oberdiek/infwarerr.sty)
(/usr/share/texlive/texmf-dist/tex/generic/oberdiek/ltxcmds.sty)))
(/usr/share/texlive/texmf-dist/tex/latex/hyperref/hyperref.sty
(/usr/share/texlive/texmf-dist/tex/generic/oberdiek/hobsub-hyperref.sty
(/usr/share/texlive/texmf-dist/tex/generic/oberdiek/hobsub-generic.sty))
(/usr/share/texlive/texmf-dist/tex/generic/ifxetex/ifxetex.sty)
(/usr/share/texlive/texmf-dist/tex/latex/oberdiek/auxhook.sty)
(/usr/share/texlive/texmf-dist/tex/latex/oberdiek/kvoptions.sty)
(/usr/share/texlive/texmf-dist/tex/latex/hyperref/pd1enc.def)
(/usr/share/texlive/texmf-dist/tex/latex/latexconfig/hyperref.cfg))

Package hyperref Message: Driver (autodetected): hpdftex.

(/usr/share/texlive/texmf-dist/tex/latex/hyperref/hpdftex.def
(/usr/share/texlive/texmf-dist/tex/latex/oberdiek/rerunfilecheck.sty))

Package hyperref Warning: Option `hyperindex' has already been used,
(hyperref)                setting the option has no effect on input line 366.


Package hyperref Warning: Option `pagebackref' has already been used,
(hyperref)                setting the option has no effect on input line 366.

) (/usr/share/texlive/texmf-dist/tex/latex/base/makeidx.sty)
(/usr/share/texlive/texmf-dist/tex/latex/base/inputenc.sty
(/usr/share/texlive/texmf-dist/tex/latex/base/utf8.def
(/usr/share/texlive/texmf-dist/tex/latex/base/t1enc.dfu)
(/usr/share/texlive/texmf-dist/tex/latex/base/ot1enc.dfu)
(/usr/share/texlive/texmf-dist/tex/latex/base/omsenc.dfu)
(/usr/share/texlive/texmf-dist/tex/latex/base/ts1enc.dfu))
(/usr/share/texlive/texmf-dist/tex/latex/base/latin1.def))
Writing index file Rd2.idx
(./Rd2.aux) (/usr/share/texlive/texmf-dist/tex/latex/base/ts1cmr.fd)
(/usr/share/texlive/texmf-dist/tex/latex/psnfss/t1ptm.fd)
(/usr/share/texlive/texmf-dist/tex/context/base/supp-pdf.mkii
[Loading MPS to PDF converter (version 2006.09.02).]
) (/usr/share/texlive/texmf-dist/tex/latex/hyperref/nameref.sty
(/usr/share/texlive/texmf-dist/tex/generic/oberdiek/gettitlestring.sty))
(./Rd2.out) (./Rd2.out)
(/usr/share/texlive/texmf-dist/tex/latex/inconsolata/t1zi4.fd)
(/usr/share/texlive/texmf-dist/tex/latex/psnfss/t1phv.fd) (./Rd2.toc)
(/usr/share/texlive/texmf-dist/tex/latex/base/utf8.def) [1{/var/lib/texmf/fonts
/map/pdftex/updmap/pdftex.map}]
Overfull \hbox (19.27982pt too wide) in paragraph at lines 57--58
[][][]\T1/zi4/m/n/10 weightTAPSPACK[][][] [][]weightTAPS[][][] link{variablesTA
PS} [][]weightTAPSoutput[][][] [][]simpleWeight[][][] [][]subsetTAPS[][][]
(/usr/share/texlive/texmf-dist/tex/latex/base/utf8.def)
Overfull \hbox (31.17924pt too wide) in paragraph at lines 77--82
[][][]\T1/zi4/m/n/10 weightTAPSPACK[][][] [][]weightTAPS[][][] [][]weightTAPSou
tput[][][] [][]simpleWeight[][][] [][]attritTAPS[][][] [][]multipleImp[][][] []
[]hotdeckImp[][][]
(/usr/share/texlive/texmf-dist/tex/latex/base/utf8.def) [2]
Overfull \hbox (19.27982pt too wide) in paragraph at lines 116--117
[][][]\T1/zi4/m/n/10 weightTAPSPACK[][][] [][]weightTAPS[][][] link{variablesTA
PS} [][]weightTAPSoutput[][][] [][]simpleWeight[][][] [][]subsetTAPS[][][]
(/usr/share/texlive/texmf-dist/tex/latex/base/utf8.def) [3]
Overfull \hbox (19.27982pt too wide) in paragraph at lines 153--154
[][][]\T1/zi4/m/n/10 weightTAPSPACK[][][] [][]weightTAPS[][][] link{variablesTA
PS} [][]weightTAPSoutput[][][] [][]simpleWeight[][][] [][]subsetTAPS[][][]
(/usr/share/texlive/texmf-dist/tex/latex/base/utf8.def)
Overfull \hbox (31.17924pt too wide) in paragraph at lines 173--178
[][][]\T1/zi4/m/n/10 weightTAPSPACK[][][] [][]weightTAPS[][][] [][]weightTAPSou
tput[][][] [][]simpleWeight[][][] [][]attritTAPS[][][] [][]multipleImp[][][] []
[]hotdeckImp[][][]
[4] (/usr/share/texlive/texmf-dist/tex/latex/base/utf8.def)
Overfull \hbox (9.27922pt too wide) in paragraph at lines 215--216
[][][]\T1/zi4/m/n/10 weightTAPSPACK[][][] [][]weightTAPS[][][] link{variablesTA
PS} [][]weightTAPSoutput[][][] [][]subsetTAPS[][][] [][]attritTAPS[][][]
(/usr/share/texlive/texmf-dist/tex/latex/base/utf8.def) [5]
Overfull \hbox (19.27982pt too wide) in paragraph at lines 252--253
[][][]\T1/zi4/m/n/10 weightTAPSPACK[][][] [][]weightTAPS[][][] link{variablesTA
PS} [][]weightTAPSoutput[][][] [][]simpleWeight[][][] [][]attritTAPS[][][]
(/usr/share/texlive/texmf-dist/tex/latex/base/utf8.def) [6]
Overfull \hbox (31.17924pt too wide) in paragraph at lines 276--281
[][][]\T1/zi4/m/n/10 weightTAPSPACK[][][] [][]weightTAPS[][][] [][]weightTAPSou
tput[][][] [][]simpleWeight[][][] [][]attritTAPS[][][] [][]multipleImp[][][] []
[]hotdeckImp[][][]
(/usr/share/texlive/texmf-dist/tex/latex/base/utf8.def)
Overfull \hbox (31.17924pt too wide) in paragraph at lines 304--309
[][][]\T1/zi4/m/n/10 weightTAPSPACK[][][] [][]weightTAPS[][][] [][]weightTAPSou
tput[][][] [][]simpleWeight[][][] [][]attritTAPS[][][] [][]multipleImp[][][] []
[]hotdeckImp[][][]
(/usr/share/texlive/texmf-dist/tex/latex/base/utf8.def) [7]
Overfull \hbox (31.17865pt too wide) in paragraph at lines 341--342
[][][]\T1/zi4/m/n/10 weightTAPS[][][] [][]weightTAPSPACK[][][] [][]subsetTAPS[]
[][] [][]weightTAPSoutput[][][] [][]simpleWeight[][][] [][]attritTAPS[][][] [][
]multipleImp[][][]
(/usr/share/texlive/texmf-dist/tex/latex/base/utf8.def) [8]
Overfull \hbox (19.27982pt too wide) in paragraph at lines 378--379
[][][]\T1/zi4/m/n/10 weightTAPSPACK[][][] [][]weightTAPS[][][] link{variablesTA
PS} [][]weightTAPSoutput[][][] [][]simpleWeight[][][] [][]attritTAPS[][][]
(/usr/share/texlive/texmf-dist/tex/latex/base/utf8.def) [9]
Overfull \hbox (2.88681pt too wide) in paragraph at lines 430--433
\T1/ptm/m/n/10 ier in-ter-pre-ta-tion of the at-tri-tion rates. Other ar-gu-men
ts are listed in the help file of the \T1/zi4/m/n/10 weightTAPS()
[10] (/usr/share/texlive/texmf-dist/tex/latex/psnfss/ts1ptm.fd) [11]
(/usr/share/texlive/texmf-dist/tex/latex/base/utf8.def) [12]
Overfull \hbox (36.17865pt too wide) in paragraph at lines 580--581
[][][]\T1/zi4/m/n/10 weightTAPSPACK[][][] [][]weightTAPS[][][] link{variablesTA
PS} [][]subsetTAPS[][][] [][]wavesTAPS[][][] [][]simpleWeight[][][] [][]attritT
APS[][][]
(/usr/share/texlive/texmf-dist/tex/latex/base/utf8.def)
Overfull \hbox (2.88681pt too wide) in paragraph at lines 597--600
\T1/ptm/m/n/10 ier in-ter-pre-ta-tion of the at-tri-tion rates. Other ar-gu-men
ts are listed in the help file of the \T1/zi4/m/n/10 weightTAPS()
[13]
Overfull \hbox (26.17865pt too wide) in paragraph at lines 657--658
[][][]\T1/zi4/m/n/10 weightTAPS[][][] [][]variablesTAPS[][][] [][]subsetTAPS[][
][] [][]weightTAPSoutput[][][] [][]simpleWeight[][][] [][]attritTAPS[][][] [][]
multipleImp[][][]
[14] (./Rd2.ind [15]

LaTeX Font Warning: Font shape `T1/zi4/m/it' undefined
(Font)              using `T1/zi4/m/n' instead on input line 7.

[16]) (./Rd2.aux)

Package rerunfilecheck Warning: File `Rd2.out' has changed.
(rerunfilecheck)                Rerun to get outlines right
(rerunfilecheck)                or use package `bookmark'.


LaTeX Font Warning: Some font shapes were not available, defaults substituted.

 )
(see the transcript file for additional information){/usr/share/texlive/texmf-d
ist/fonts/enc/dvips/base/8r.enc}{/usr/share/texlive/texmf-dist/fonts/enc/dvips/
inconsolata/i4-t1-0.enc}</usr/share/texlive/texmf-dist/fonts/type1/public/incon
solata/Inconsolata-zi4r.pfb></usr/share/texlive/texmf-dist/fonts/type1/urw/helv
etic/uhvr8a.pfb></usr/share/texlive/texmf-dist/fonts/type1/urw/times/utmb8a.pfb
></usr/share/texlive/texmf-dist/fonts/type1/urw/times/utmr8a.pfb></usr/share/te
xlive/texmf-dist/fonts/type1/urw/times/utmr8a.pfb></usr/share/texlive/texmf-dis
t/fonts/type1/urw/times/utmri8a.pfb>
Output written on Rd2.pdf (16 pages, 110962 bytes).
Transcript written on Rd2.log.
This is makeindex, version 2.15 [TeX Live 2013] (kpathsea + Thai support).
Scanning input file Rd2.idx....done (160 entries accepted, 0 rejected).
Sorting entries....done (1228 comparisons).
Generating output file Rd2.ind....done (121 lines written, 5 warnings).
Output written in Rd2.ind.
Transcript written in Rd2.ilg.
This is pdfTeX, Version 3.1415926-2.5-1.40.14 (TeX Live 2013/Debian)
 restricted \write18 enabled.
entering extended mode
LaTeX2e <2011/06/27>
Babel <3.9h> and hyphenation patterns for 78 languages loaded.
(./Rd2.tex
(/usr/share/texlive/texmf-dist/tex/latex/base/book.cls
Document Class: book 2007/10/19 v1.4h Standard LaTeX document class
(/usr/share/texlive/texmf-dist/tex/latex/base/bk10.clo))
(/usr/share/R/share/texmf/tex/latex/Rd.sty
(/usr/share/texlive/texmf-dist/tex/latex/base/ifthen.sty)
(/usr/share/texlive/texmf-dist/tex/latex/tools/longtable.sty)
(/usr/share/texlive/texmf-dist/tex/latex/tools/bm.sty)
(/usr/share/texlive/texmf-dist/tex/latex/base/alltt.sty)
(/usr/share/texlive/texmf-dist/tex/latex/tools/verbatim.sty)
(/usr/share/texlive/texmf-dist/tex/latex/url/url.sty)
(/usr/share/texlive/texmf-dist/tex/latex/base/textcomp.sty
(/usr/share/texlive/texmf-dist/tex/latex/base/ts1enc.def))
(/usr/share/texlive/texmf-dist/tex/latex/base/fontenc.sty
(/usr/share/texlive/texmf-dist/tex/latex/base/t1enc.def))
(/usr/share/texlive/texmf-dist/tex/latex/psnfss/times.sty)
(/usr/share/texlive/texmf-dist/tex/latex/inconsolata/zi4.sty
(/usr/share/texlive/texmf-dist/tex/latex/graphics/keyval.sty))
(/usr/share/texlive/texmf-dist/tex/latex/graphics/color.sty
(/usr/share/texlive/texmf-dist/tex/latex/latexconfig/color.cfg)
(/usr/share/texlive/texmf-dist/tex/latex/pdftex-def/pdftex.def
(/usr/share/texlive/texmf-dist/tex/generic/oberdiek/infwarerr.sty)
(/usr/share/texlive/texmf-dist/tex/generic/oberdiek/ltxcmds.sty)))
(/usr/share/texlive/texmf-dist/tex/latex/hyperref/hyperref.sty
(/usr/share/texlive/texmf-dist/tex/generic/oberdiek/hobsub-hyperref.sty
(/usr/share/texlive/texmf-dist/tex/generic/oberdiek/hobsub-generic.sty))
(/usr/share/texlive/texmf-dist/tex/generic/ifxetex/ifxetex.sty)
(/usr/share/texlive/texmf-dist/tex/latex/oberdiek/auxhook.sty)
(/usr/share/texlive/texmf-dist/tex/latex/oberdiek/kvoptions.sty)
(/usr/share/texlive/texmf-dist/tex/latex/hyperref/pd1enc.def)
(/usr/share/texlive/texmf-dist/tex/latex/latexconfig/hyperref.cfg))

Package hyperref Message: Driver (autodetected): hpdftex.

(/usr/share/texlive/texmf-dist/tex/latex/hyperref/hpdftex.def
(/usr/share/texlive/texmf-dist/tex/latex/oberdiek/rerunfilecheck.sty))

Package hyperref Warning: Option `hyperindex' has already been used,
(hyperref)                setting the option has no effect on input line 366.


Package hyperref Warning: Option `pagebackref' has already been used,
(hyperref)                setting the option has no effect on input line 366.

) (/usr/share/texlive/texmf-dist/tex/latex/base/makeidx.sty)
(/usr/share/texlive/texmf-dist/tex/latex/base/inputenc.sty
(/usr/share/texlive/texmf-dist/tex/latex/base/utf8.def
(/usr/share/texlive/texmf-dist/tex/latex/base/t1enc.dfu)
(/usr/share/texlive/texmf-dist/tex/latex/base/ot1enc.dfu)
(/usr/share/texlive/texmf-dist/tex/latex/base/omsenc.dfu)
(/usr/share/texlive/texmf-dist/tex/latex/base/ts1enc.dfu))
(/usr/share/texlive/texmf-dist/tex/latex/base/latin1.def))
Writing index file Rd2.idx
(./Rd2.aux) (/usr/share/texlive/texmf-dist/tex/latex/base/ts1cmr.fd)
(/usr/share/texlive/texmf-dist/tex/latex/psnfss/t1ptm.fd)
(/usr/share/texlive/texmf-dist/tex/context/base/supp-pdf.mkii
[Loading MPS to PDF converter (version 2006.09.02).]
) (/usr/share/texlive/texmf-dist/tex/latex/hyperref/nameref.sty
(/usr/share/texlive/texmf-dist/tex/generic/oberdiek/gettitlestring.sty))
(./Rd2.out) (./Rd2.out)
(/usr/share/texlive/texmf-dist/tex/latex/inconsolata/t1zi4.fd)
(/usr/share/texlive/texmf-dist/tex/latex/psnfss/t1phv.fd) (./Rd2.toc)
(/usr/share/texlive/texmf-dist/tex/latex/base/utf8.def) [1{/var/lib/texmf/fonts
/map/pdftex/updmap/pdftex.map}]
Overfull \hbox (19.27982pt too wide) in paragraph at lines 57--58
[][][]\T1/zi4/m/n/10 weightTAPSPACK[][][] [][]weightTAPS[][][] link{variablesTA
PS} [][]weightTAPSoutput[][][] [][]simpleWeight[][][] [][]subsetTAPS[][][]
(/usr/share/texlive/texmf-dist/tex/latex/base/utf8.def)
Overfull \hbox (31.17924pt too wide) in paragraph at lines 77--82
[][][]\T1/zi4/m/n/10 weightTAPSPACK[][][] [][]weightTAPS[][][] [][]weightTAPSou
tput[][][] [][]simpleWeight[][][] [][]attritTAPS[][][] [][]multipleImp[][][] []
[]hotdeckImp[][][]
(/usr/share/texlive/texmf-dist/tex/latex/base/utf8.def) [2]
Overfull \hbox (19.27982pt too wide) in paragraph at lines 116--117
[][][]\T1/zi4/m/n/10 weightTAPSPACK[][][] [][]weightTAPS[][][] link{variablesTA
PS} [][]weightTAPSoutput[][][] [][]simpleWeight[][][] [][]subsetTAPS[][][]
(/usr/share/texlive/texmf-dist/tex/latex/base/utf8.def) [3]
Overfull \hbox (19.27982pt too wide) in paragraph at lines 153--154
[][][]\T1/zi4/m/n/10 weightTAPSPACK[][][] [][]weightTAPS[][][] link{variablesTA
PS} [][]weightTAPSoutput[][][] [][]simpleWeight[][][] [][]subsetTAPS[][][]
(/usr/share/texlive/texmf-dist/tex/latex/base/utf8.def)
Overfull \hbox (31.17924pt too wide) in paragraph at lines 173--178
[][][]\T1/zi4/m/n/10 weightTAPSPACK[][][] [][]weightTAPS[][][] [][]weightTAPSou
tput[][][] [][]simpleWeight[][][] [][]attritTAPS[][][] [][]multipleImp[][][] []
[]hotdeckImp[][][]
[4] (/usr/share/texlive/texmf-dist/tex/latex/base/utf8.def)
Overfull \hbox (9.27922pt too wide) in paragraph at lines 215--216
[][][]\T1/zi4/m/n/10 weightTAPSPACK[][][] [][]weightTAPS[][][] link{variablesTA
PS} [][]weightTAPSoutput[][][] [][]subsetTAPS[][][] [][]attritTAPS[][][]
(/usr/share/texlive/texmf-dist/tex/latex/base/utf8.def) [5]
Overfull \hbox (19.27982pt too wide) in paragraph at lines 252--253
[][][]\T1/zi4/m/n/10 weightTAPSPACK[][][] [][]weightTAPS[][][] link{variablesTA
PS} [][]weightTAPSoutput[][][] [][]simpleWeight[][][] [][]attritTAPS[][][]
(/usr/share/texlive/texmf-dist/tex/latex/base/utf8.def) [6]
Overfull \hbox (31.17924pt too wide) in paragraph at lines 276--281
[][][]\T1/zi4/m/n/10 weightTAPSPACK[][][] [][]weightTAPS[][][] [][]weightTAPSou
tput[][][] [][]simpleWeight[][][] [][]attritTAPS[][][] [][]multipleImp[][][] []
[]hotdeckImp[][][]
(/usr/share/texlive/texmf-dist/tex/latex/base/utf8.def)
Overfull \hbox (31.17924pt too wide) in paragraph at lines 304--309
[][][]\T1/zi4/m/n/10 weightTAPSPACK[][][] [][]weightTAPS[][][] [][]weightTAPSou
tput[][][] [][]simpleWeight[][][] [][]attritTAPS[][][] [][]multipleImp[][][] []
[]hotdeckImp[][][]
(/usr/share/texlive/texmf-dist/tex/latex/base/utf8.def) [7]
Overfull \hbox (31.17865pt too wide) in paragraph at lines 341--342
[][][]\T1/zi4/m/n/10 weightTAPS[][][] [][]weightTAPSPACK[][][] [][]subsetTAPS[]
[][] [][]weightTAPSoutput[][][] [][]simpleWeight[][][] [][]attritTAPS[][][] [][
]multipleImp[][][]
(/usr/share/texlive/texmf-dist/tex/latex/base/utf8.def) [8]
Overfull \hbox (19.27982pt too wide) in paragraph at lines 378--379
[][][]\T1/zi4/m/n/10 weightTAPSPACK[][][] [][]weightTAPS[][][] link{variablesTA
PS} [][]weightTAPSoutput[][][] [][]simpleWeight[][][] [][]attritTAPS[][][]
(/usr/share/texlive/texmf-dist/tex/latex/base/utf8.def) [9]
Overfull \hbox (2.88681pt too wide) in paragraph at lines 430--433
\T1/ptm/m/n/10 ier in-ter-pre-ta-tion of the at-tri-tion rates. Other ar-gu-men
ts are listed in the help file of the \T1/zi4/m/n/10 weightTAPS()
[10] (/usr/share/texlive/texmf-dist/tex/latex/psnfss/ts1ptm.fd) [11]
(/usr/share/texlive/texmf-dist/tex/latex/base/utf8.def) [12]
Overfull \hbox (36.17865pt too wide) in paragraph at lines 580--581
[][][]\T1/zi4/m/n/10 weightTAPSPACK[][][] [][]weightTAPS[][][] link{variablesTA
PS} [][]subsetTAPS[][][] [][]wavesTAPS[][][] [][]simpleWeight[][][] [][]attritT
APS[][][]
(/usr/share/texlive/texmf-dist/tex/latex/base/utf8.def)
Overfull \hbox (2.88681pt too wide) in paragraph at lines 597--600
\T1/ptm/m/n/10 ier in-ter-pre-ta-tion of the at-tri-tion rates. Other ar-gu-men
ts are listed in the help file of the \T1/zi4/m/n/10 weightTAPS()
[13]
Overfull \hbox (26.17865pt too wide) in paragraph at lines 657--658
[][][]\T1/zi4/m/n/10 weightTAPS[][][] [][]variablesTAPS[][][] [][]subsetTAPS[][
][] [][]weightTAPSoutput[][][] [][]simpleWeight[][][] [][]attritTAPS[][][] [][]
multipleImp[][][]
[14] (./Rd2.ind [15]

LaTeX Font Warning: Font shape `T1/zi4/m/it' undefined
(Font)              using `T1/zi4/m/n' instead on input line 8.

[16]) (./Rd2.aux)

LaTeX Font Warning: Some font shapes were not available, defaults substituted.

 )
(see the transcript file for additional information){/usr/share/texlive/texmf-d
ist/fonts/enc/dvips/base/8r.enc}{/usr/share/texlive/texmf-dist/fonts/enc/dvips/
inconsolata/i4-t1-0.enc}</usr/share/texlive/texmf-dist/fonts/type1/public/incon
solata/Inconsolata-zi4r.pfb></usr/share/texlive/texmf-dist/fonts/type1/urw/helv
etic/uhvr8a.pfb></usr/share/texlive/texmf-dist/fonts/type1/urw/times/utmb8a.pfb
></usr/share/texlive/texmf-dist/fonts/type1/urw/times/utmr8a.pfb></usr/share/te
xlive/texmf-dist/fonts/type1/urw/times/utmr8a.pfb></usr/share/texlive/texmf-dis
t/fonts/type1/urw/times/utmri8a.pfb>
Output written on Rd2.pdf (16 pages, 111302 bytes).
Transcript written on Rd2.log.
Saving output to 'weightTAPSPACK-manual.pdf' ...
Done
You may want to clean up by 'rm -rf /tmp/Rtmp6IzzhJ/Rd2pdf3e3d377fd4fc'
